<?xml version="1.0" encoding="UTF-8"?>
<TestRun id="86a674ea-5ac6-411a-a0fe-5686b1dc5ead" name="chadillac@CHADILLAC-PC 2012-02-23 14:51:55" runUser="chadillac-PC\chadillac" xmlns="http://microsoft.com/schemas/VisualStudio/TeamTest/2010">
  <TestSettings name="Local" id="699621a8-4321-403e-843d-a1c2dba0af3c">
    <Description>These are default test settings for a local test run.</Description>
    <Deployment enabled="false" runDeploymentRoot="chadillac_CHADILLAC-PC 2012-02-23 14_51_55">
      <DeploymentItem filename="C:\dev\pivotal-csharp-wrapper\PivotalTrackerAPIClient\bin\Debug\PivotalTrackerAPIClient.dll" />
    </Deployment>
    <Execution>
      <TestTypeSpecific />
      <AgentRule name="Execution Agents">
      </AgentRule>
    </Execution>
  </TestSettings>
  <Times creation="2012-02-23T14:51:55.5390625-06:00" queuing="2012-02-23T14:51:55.5703125-06:00" start="2012-02-23T14:51:55.5751953-06:00" finish="2012-02-23T14:51:56.7119140-06:00" />
  <ResultSummary outcome="Completed">
    <Counters total="2" executed="2" passed="2" error="0" failed="0" timeout="0" aborted="0" inconclusive="0" passedButRunAborted="0" notRunnable="0" notExecuted="0" disconnected="0" warning="0" completed="0" inProgress="0" pending="0" />
  </ResultSummary>
  <TestDefinitions>
    <UnitTest name="integration_model_token_check_guid" storage="c:\dev\pivotal-csharp-wrapper\pivotaltrackerapiclient.tests\bin\debug\pivotaltrackerapiclient.tests.dll" id="b783f6d9-05d5-7ef1-b03c-4482826f71d9">
      <Execution id="417c7664-cb81-4d6c-b11e-a73e03667c3e" />
      <TestMethod codeBase="C:/dev/pivotal-csharp-wrapper/PivotalTrackerAPIClient.Tests/bin/Debug/PivotalTrackerAPIClient.Tests.DLL" adapterTypeName="Microsoft.VisualStudio.TestTools.TestTypes.Unit.UnitTestAdapter, Microsoft.VisualStudio.QualityTools.Tips.UnitTest.Adapter, Version=10.0.0.0, Culture=neutral, PublicKeyToken=b03f5f7f11d50a3a" className="PivotalTrackerAPIClient.Tests.Integration.Model.Token, PivotalTrackerAPIClient.Tests, Version=1.0.0.0, Culture=neutral, PublicKeyToken=null" name="integration_model_token_check_guid" />
    </UnitTest>
    <UnitTest name="integration_model_token_get_by_username" storage="c:\dev\pivotal-csharp-wrapper\pivotaltrackerapiclient.tests\bin\debug\pivotaltrackerapiclient.tests.dll" id="7ec89a0f-8fec-7a2d-03e8-e053701c044b">
      <Execution id="a33bdbec-821b-4b2b-abfa-88d3de842ea1" />
      <TestMethod codeBase="C:/dev/pivotal-csharp-wrapper/PivotalTrackerAPIClient.Tests/bin/Debug/PivotalTrackerAPIClient.Tests.DLL" adapterTypeName="Microsoft.VisualStudio.TestTools.TestTypes.Unit.UnitTestAdapter, Microsoft.VisualStudio.QualityTools.Tips.UnitTest.Adapter, Version=10.0.0.0, Culture=neutral, PublicKeyToken=b03f5f7f11d50a3a" className="PivotalTrackerAPIClient.Tests.Integration.Model.Token, PivotalTrackerAPIClient.Tests, Version=1.0.0.0, Culture=neutral, PublicKeyToken=null" name="integration_model_token_get_by_username" />
    </UnitTest>
  </TestDefinitions>
  <TestLists>
    <TestList name="Results Not in a List" id="8c84fa94-04c1-424b-9868-57a2d4851a1d" />
    <TestList name="All Loaded Results" id="19431567-8539-422a-85d7-44ee4e166bda" />
  </TestLists>
  <TestEntries>
    <TestEntry testId="7ec89a0f-8fec-7a2d-03e8-e053701c044b" executionId="a33bdbec-821b-4b2b-abfa-88d3de842ea1" testListId="8c84fa94-04c1-424b-9868-57a2d4851a1d" />
    <TestEntry testId="b783f6d9-05d5-7ef1-b03c-4482826f71d9" executionId="417c7664-cb81-4d6c-b11e-a73e03667c3e" testListId="8c84fa94-04c1-424b-9868-57a2d4851a1d" />
  </TestEntries>
  <Results>
    <UnitTestResult executionId="a33bdbec-821b-4b2b-abfa-88d3de842ea1" testId="7ec89a0f-8fec-7a2d-03e8-e053701c044b" testName="integration_model_token_get_by_username" computerName="CHADILLAC-PC" duration="00:00:00.3667767" startTime="2012-02-23T14:51:55.5761718-06:00" endTime="2012-02-23T14:51:56.1074218-06:00" testType="13cdc9d9-ddb5-4fa4-a97d-d965ccfc6d4b" outcome="Passed" testListId="8c84fa94-04c1-424b-9868-57a2d4851a1d" relativeResultsDirectory="a33bdbec-821b-4b2b-abfa-88d3de842ea1">
    </UnitTestResult>
    <UnitTestResult executionId="417c7664-cb81-4d6c-b11e-a73e03667c3e" testId="b783f6d9-05d5-7ef1-b03c-4482826f71d9" testName="integration_model_token_check_guid" computerName="CHADILLAC-PC" duration="00:00:00.5892704" startTime="2012-02-23T14:51:56.1083984-06:00" endTime="2012-02-23T14:51:56.7001953-06:00" testType="13cdc9d9-ddb5-4fa4-a97d-d965ccfc6d4b" outcome="Passed" testListId="8c84fa94-04c1-424b-9868-57a2d4851a1d" relativeResultsDirectory="417c7664-cb81-4d6c-b11e-a73e03667c3e">
    </UnitTestResult>
  </Results>
</TestRun>