<?xml version="1.0" encoding="UTF-8"?>
<TestRun id="56f350e8-59d6-440a-a4e9-e14f2e34b026" name="chadillac@CHADILLAC-PC 2012-02-23 15:02:24" runUser="chadillac-PC\chadillac" xmlns="http://microsoft.com/schemas/VisualStudio/TeamTest/2010">
  <TestSettings name="Local" id="699621a8-4321-403e-843d-a1c2dba0af3c">
    <Description>These are default test settings for a local test run.</Description>
    <Deployment enabled="false" runDeploymentRoot="chadillac_CHADILLAC-PC 2012-02-23 15_02_24">
      <DeploymentItem filename="C:\dev\pivotal-csharp-wrapper\PivotalTrackerAPIClient\bin\Debug\PivotalTrackerAPIClient.dll" />
    </Deployment>
    <Execution>
      <TestTypeSpecific />
      <AgentRule name="Execution Agents">
      </AgentRule>
    </Execution>
  </TestSettings>
  <Times creation="2012-02-23T15:02:24.5273437-06:00" queuing="2012-02-23T15:02:25.5673828-06:00" start="2012-02-23T15:02:25.6953125-06:00" finish="2012-02-23T15:03:45.2666015-06:00" />
  <ResultSummary outcome="Error">
    <Counters total="2" executed="1" error="0" failed="0" timeout="0" aborted="1" inconclusive="0" passedButRunAborted="0" notRunnable="0" notExecuted="1" disconnected="0" warning="0" passed="0" completed="0" inProgress="0" pending="0" />
    <RunInfos>
      <RunInfo computerName="CHADILLAC-PC" outcome="Error" timestamp="2012-02-23T15:03:45.2656250-06:00">
        <Text>Test host process exited unexpectedly.</Text>
      </RunInfo>
    </RunInfos>
  </ResultSummary>
  <TestDefinitions>
    <UnitTest name="integration_model_token_check_guid" storage="c:\dev\pivotal-csharp-wrapper\pivotaltrackerapiclient.tests\bin\debug\pivotaltrackerapiclient.tests.dll" id="b783f6d9-05d5-7ef1-b03c-4482826f71d9">
      <Execution id="b00e6419-de3d-47b2-bef8-f4a62922a6aa" />
      <TestMethod codeBase="C:/dev/pivotal-csharp-wrapper/PivotalTrackerAPIClient.Tests/bin/Debug/PivotalTrackerAPIClient.Tests.DLL" adapterTypeName="Microsoft.VisualStudio.TestTools.TestTypes.Unit.UnitTestAdapter, Microsoft.VisualStudio.QualityTools.Tips.UnitTest.Adapter, Version=10.0.0.0, Culture=neutral, PublicKeyToken=b03f5f7f11d50a3a" className="PivotalTrackerAPIClient.Tests.Integration.Model.Token, PivotalTrackerAPIClient.Tests, Version=1.0.0.0, Culture=neutral, PublicKeyToken=null" name="integration_model_token_check_guid" />
    </UnitTest>
    <UnitTest name="integration_model_token_get_by_username" storage="c:\dev\pivotal-csharp-wrapper\pivotaltrackerapiclient.tests\bin\debug\pivotaltrackerapiclient.tests.dll" id="7ec89a0f-8fec-7a2d-03e8-e053701c044b">
      <Execution id="f9851a0b-a5d4-4cdc-b8f0-e3f3386b6736" />
      <TestMethod codeBase="C:/dev/pivotal-csharp-wrapper/PivotalTrackerAPIClient.Tests/bin/Debug/PivotalTrackerAPIClient.Tests.DLL" adapterTypeName="Microsoft.VisualStudio.TestTools.TestTypes.Unit.UnitTestAdapter, Microsoft.VisualStudio.QualityTools.Tips.UnitTest.Adapter, Version=10.0.0.0, Culture=neutral, PublicKeyToken=b03f5f7f11d50a3a" className="PivotalTrackerAPIClient.Tests.Integration.Model.Token, PivotalTrackerAPIClient.Tests, Version=1.0.0.0, Culture=neutral, PublicKeyToken=null" name="integration_model_token_get_by_username" />
    </UnitTest>
  </TestDefinitions>
  <TestLists>
    <TestList name="Results Not in a List" id="8c84fa94-04c1-424b-9868-57a2d4851a1d" />
    <TestList name="All Loaded Results" id="19431567-8539-422a-85d7-44ee4e166bda" />
  </TestLists>
  <TestEntries>
    <TestEntry testId="7ec89a0f-8fec-7a2d-03e8-e053701c044b" executionId="f9851a0b-a5d4-4cdc-b8f0-e3f3386b6736" testListId="8c84fa94-04c1-424b-9868-57a2d4851a1d" />
    <TestEntry testId="b783f6d9-05d5-7ef1-b03c-4482826f71d9" executionId="b00e6419-de3d-47b2-bef8-f4a62922a6aa" testListId="8c84fa94-04c1-424b-9868-57a2d4851a1d" />
  </TestEntries>
  <Results>
    <UnitTestResult executionId="f9851a0b-a5d4-4cdc-b8f0-e3f3386b6736" testId="7ec89a0f-8fec-7a2d-03e8-e053701c044b" testName="integration_model_token_get_by_username" computerName="CHADILLAC-PC" duration="00:01:19.4501953" startTime="2012-02-23T15:02:25.8164062-06:00" endTime="2012-02-23T15:03:45.2666015-06:00" testType="13cdc9d9-ddb5-4fa4-a97d-d965ccfc6d4b" outcome="Aborted" testListId="8c84fa94-04c1-424b-9868-57a2d4851a1d" relativeResultsDirectory="f9851a0b-a5d4-4cdc-b8f0-e3f3386b6736">
    </UnitTestResult>
    <UnitTestResult executionId="b00e6419-de3d-47b2-bef8-f4a62922a6aa" testId="b783f6d9-05d5-7ef1-b03c-4482826f71d9" testName="integration_model_token_check_guid" computerName="CHADILLAC-PC" testType="13cdc9d9-ddb5-4fa4-a97d-d965ccfc6d4b" outcome="NotExecuted" testListId="8c84fa94-04c1-424b-9868-57a2d4851a1d" relativeResultsDirectory="b00e6419-de3d-47b2-bef8-f4a62922a6aa">
    </UnitTestResult>
  </Results>
</TestRun>