<?xml version="1.0" encoding="UTF-8"?>
<TestRun id="a74f3338-54df-4102-83eb-f131c12336d2" name="chadillac@CHADILLAC-PC 2012-02-23 14:51:15" runUser="chadillac-PC\chadillac" xmlns="http://microsoft.com/schemas/VisualStudio/TeamTest/2010">
  <TestSettings name="Local" id="699621a8-4321-403e-843d-a1c2dba0af3c">
    <Description>These are default test settings for a local test run.</Description>
    <Deployment enabled="false" runDeploymentRoot="chadillac_CHADILLAC-PC 2012-02-23 14_51_15">
      <DeploymentItem filename="C:\dev\pivotal-csharp-wrapper\PivotalTrackerAPIClient\bin\Debug\PivotalTrackerAPIClient.dll" />
    </Deployment>
    <Execution>
      <TestTypeSpecific />
      <AgentRule name="Execution Agents">
      </AgentRule>
    </Execution>
  </TestSettings>
  <Times creation="2012-02-23T14:51:15.8369140-06:00" queuing="2012-02-23T14:51:15.9335937-06:00" start="2012-02-23T14:51:15.9384765-06:00" finish="2012-02-23T14:51:16.7978515-06:00" />
  <ResultSummary outcome="Failed">
    <Counters total="2" executed="2" error="0" failed="2" timeout="0" aborted="0" inconclusive="0" passedButRunAborted="0" notRunnable="0" notExecuted="0" disconnected="0" warning="0" passed="0" completed="0" inProgress="0" pending="0" />
  </ResultSummary>
  <TestDefinitions>
    <UnitTest name="integration_model_token_check_guid" storage="c:\dev\pivotal-csharp-wrapper\pivotaltrackerapiclient.tests\bin\debug\pivotaltrackerapiclient.tests.dll" id="b783f6d9-05d5-7ef1-b03c-4482826f71d9">
      <Execution id="8d700a08-2eb2-412c-977f-ba6558fb1dc2" />
      <TestMethod codeBase="C:/dev/pivotal-csharp-wrapper/PivotalTrackerAPIClient.Tests/bin/Debug/PivotalTrackerAPIClient.Tests.DLL" adapterTypeName="Microsoft.VisualStudio.TestTools.TestTypes.Unit.UnitTestAdapter, Microsoft.VisualStudio.QualityTools.Tips.UnitTest.Adapter, Version=10.0.0.0, Culture=neutral, PublicKeyToken=b03f5f7f11d50a3a" className="PivotalTrackerAPIClient.Tests.Integration.Model.Token, PivotalTrackerAPIClient.Tests, Version=1.0.0.0, Culture=neutral, PublicKeyToken=null" name="integration_model_token_check_guid" />
    </UnitTest>
    <UnitTest name="integration_model_token_get_by_username" storage="c:\dev\pivotal-csharp-wrapper\pivotaltrackerapiclient.tests\bin\debug\pivotaltrackerapiclient.tests.dll" id="7ec89a0f-8fec-7a2d-03e8-e053701c044b">
      <Execution id="2e3812b4-4a57-40b6-a6b6-9bb2d120fd64" />
      <TestMethod codeBase="C:/dev/pivotal-csharp-wrapper/PivotalTrackerAPIClient.Tests/bin/Debug/PivotalTrackerAPIClient.Tests.DLL" adapterTypeName="Microsoft.VisualStudio.TestTools.TestTypes.Unit.UnitTestAdapter, Microsoft.VisualStudio.QualityTools.Tips.UnitTest.Adapter, Version=10.0.0.0, Culture=neutral, PublicKeyToken=b03f5f7f11d50a3a" className="PivotalTrackerAPIClient.Tests.Integration.Model.Token, PivotalTrackerAPIClient.Tests, Version=1.0.0.0, Culture=neutral, PublicKeyToken=null" name="integration_model_token_get_by_username" />
    </UnitTest>
  </TestDefinitions>
  <TestLists>
    <TestList name="Results Not in a List" id="8c84fa94-04c1-424b-9868-57a2d4851a1d" />
    <TestList name="All Loaded Results" id="19431567-8539-422a-85d7-44ee4e166bda" />
  </TestLists>
  <TestEntries>
    <TestEntry testId="7ec89a0f-8fec-7a2d-03e8-e053701c044b" executionId="2e3812b4-4a57-40b6-a6b6-9bb2d120fd64" testListId="8c84fa94-04c1-424b-9868-57a2d4851a1d" />
    <TestEntry testId="b783f6d9-05d5-7ef1-b03c-4482826f71d9" executionId="8d700a08-2eb2-412c-977f-ba6558fb1dc2" testListId="8c84fa94-04c1-424b-9868-57a2d4851a1d" />
  </TestEntries>
  <Results>
    <UnitTestResult executionId="2e3812b4-4a57-40b6-a6b6-9bb2d120fd64" testId="7ec89a0f-8fec-7a2d-03e8-e053701c044b" testName="integration_model_token_get_by_username" computerName="CHADILLAC-PC" duration="00:00:00.3949506" startTime="2012-02-23T14:51:15.9394531-06:00" endTime="2012-02-23T14:51:16.5000000-06:00" testType="13cdc9d9-ddb5-4fa4-a97d-d965ccfc6d4b" outcome="Failed" testListId="8c84fa94-04c1-424b-9868-57a2d4851a1d" relativeResultsDirectory="2e3812b4-4a57-40b6-a6b6-9bb2d120fd64">
      <Output>
        <ErrorInfo>
          <Message>Test method PivotalTrackerAPIClient.Tests.Integration.Model.Token.integration_model_token_get_by_username threw exception: 
System.NullReferenceException: Object reference not set to an instance of an object.</Message>
          <StackTrace>    at PivotalTrackerAPIClient.Model.Entity.Token.Authenticate(String username, String password) in C:\dev\pivotal-csharp-wrapper\PivotalTrackerAPIClient\Model\Entity\Token.cs:line 63
   at PivotalTrackerAPIClient.Tests.Integration.Model.Token.integration_model_token_get_by_username() in C:\dev\pivotal-csharp-wrapper\PivotalTrackerAPIClient.Tests\Integration\Model\Token.cs:line 13
</StackTrace>
        </ErrorInfo>
      </Output>
    </UnitTestResult>
    <UnitTestResult executionId="8d700a08-2eb2-412c-977f-ba6558fb1dc2" testId="b783f6d9-05d5-7ef1-b03c-4482826f71d9" testName="integration_model_token_check_guid" computerName="CHADILLAC-PC" duration="00:00:00.2776688" startTime="2012-02-23T14:51:16.5009765-06:00" endTime="2012-02-23T14:51:16.7812500-06:00" testType="13cdc9d9-ddb5-4fa4-a97d-d965ccfc6d4b" outcome="Failed" testListId="8c84fa94-04c1-424b-9868-57a2d4851a1d" relativeResultsDirectory="8d700a08-2eb2-412c-977f-ba6558fb1dc2">
      <Output>
        <ErrorInfo>
          <Message>Test method PivotalTrackerAPIClient.Tests.Integration.Model.Token.integration_model_token_check_guid threw exception: 
System.NullReferenceException: Object reference not set to an instance of an object.</Message>
          <StackTrace>    at PivotalTrackerAPIClient.Model.Entity.Token.Authenticate(String username, String password) in C:\dev\pivotal-csharp-wrapper\PivotalTrackerAPIClient\Model\Entity\Token.cs:line 63
   at PivotalTrackerAPIClient.Tests.Integration.Model.Token.integration_model_token_check_guid() in C:\dev\pivotal-csharp-wrapper\PivotalTrackerAPIClient.Tests\Integration\Model\Token.cs:line 20
</StackTrace>
        </ErrorInfo>
      </Output>
    </UnitTestResult>
  </Results>
</TestRun>